/tmp/tmprpjp335u/source.cu(8): error: this declaration has no storage class or type specifier
  a
  ^

/tmp/tmprpjp335u/source.cu(11): warning #1835-D: attribute "__global__" does not apply here
      __attribute__((global)) void mandelbrot_gpu_scalar(
                     ^

Remark: The warnings can be suppressed with "-diag-suppress <warning-number>"

/tmp/tmprpjp335u/source.cu(11): error: expected a ";"
      __attribute__((global)) void mandelbrot_gpu_scalar(
                              ^

/tmp/tmprpjp335u/source.cu(37): warning #12-D: parsing restarts here after previous syntax error
                  w = z * z;
                           ^

/tmp/tmprpjp335u/source.cu(38): error: expected a declaration
                  ++iters;
                  ^

/tmp/tmprpjp335u/source.cu(39): error: expected a declaration
              }
              ^

/tmp/tmprpjp335u/source.cu(42): warning #12-D: parsing restarts here after previous syntax error
              out[i * img_size + j] = iters;
                                           ^

/tmp/tmprpjp335u/source.cu(43): error: expected a declaration
          }
          ^

/usr/include/c++/13/bits/algorithmfwd.h(259): error: pair is not a template
      pair<_FIter, _FIter>
      ^

/usr/include/c++/13/bits/algorithmfwd.h(264): error: pair is not a template
      pair<_FIter, _FIter>
      ^

/usr/include/c++/13/bits/algorithmfwd.h(432): error: pair is not a template
      pair<const _Tp&, const _Tp&>
      ^

/usr/include/c++/13/bits/algorithmfwd.h(437): error: pair is not a template
      pair<const _Tp&, const _Tp&>
      ^

/usr/include/c++/13/bits/algorithmfwd.h(442): error: pair is not a template
      pair<_FIter, _FIter>
      ^

/usr/include/c++/13/bits/algorithmfwd.h(447): error: pair is not a template
      pair<_FIter, _FIter>
      ^

/usr/include/c++/13/bits/algorithmfwd.h(453): error: "min" has already been declared in the current scope
      min(initializer_list<_Tp>);
      ^

/usr/include/c++/13/bits/algorithmfwd.h(453): error: identifier "initializer_list" is undefined
      min(initializer_list<_Tp>);
          ^

/usr/include/c++/13/bits/algorithmfwd.h(455): error: too many template parameters -- does not match previous declaration (declared at line 450)
    template<typename _Tp, typename _Compare>
                                    ^

/usr/include/c++/13/bits/algorithmfwd.h(456): error: "constexpr" is not valid here
      constexpr
      ^

/usr/include/c++/13/bits/algorithmfwd.h(463): error: "max" has already been declared in the current scope
      max(initializer_list<_Tp>);
      ^

/usr/include/c++/13/bits/algorithmfwd.h(463): error: type name is not allowed
      max(initializer_list<_Tp>);
                           ^

/usr/include/c++/13/bits/algorithmfwd.h(463): error: expected an expression
      max(initializer_list<_Tp>);
                               ^

/usr/include/c++/13/bits/algorithmfwd.h(465): error: too many template parameters -- does not match previous declaration (declared at line 460)
    template<typename _Tp, typename _Compare>
                                    ^

/usr/include/c++/13/bits/algorithmfwd.h(466): error: "constexpr" is not valid here
      constexpr
      ^

/usr/include/c++/13/bits/algorithmfwd.h(472): error: pair is not a template
      pair<_Tp, _Tp>
      ^

/usr/include/c++/13/bits/algorithmfwd.h(473): error: "minmax" has already been declared in the current scope
      minmax(initializer_list<_Tp>);
      ^

/usr/include/c++/13/bits/algorithmfwd.h(473): error: type name is not allowed
      minmax(initializer_list<_Tp>);
                              ^

/usr/include/c++/13/bits/algorithmfwd.h(473): error: expected an expression
      minmax(initializer_list<_Tp>);
                                  ^

/usr/include/c++/13/bits/algorithmfwd.h(477): error: pair is not a template
      pair<_Tp, _Tp>
      ^

/usr/include/c++/13/bits/algorithmfwd.h(475): error: too many template parameters -- does not match previous declaration (declared at line 470)
    template<typename _Tp, typename _Compare>
                                    ^

/usr/include/c++/13/bits/algorithmfwd.h(476): error: "constexpr" is not valid here
      constexpr
      ^

/usr/include/c++/13/bits/algorithmfwd.h(519): error: pair is not a template
      pair<_OIter1, _OIter2>
      ^

/usr/include/c++/13/bits/algorithmfwd.h(704): error: name followed by "::" must be a class or namespace name
      typename iterator_traits<_IIter>::difference_type
               ^

/usr/include/c++/13/bits/algorithmfwd.h(704): error: iterator_traits is not a template
      typename iterator_traits<_IIter>::difference_type
               ^

/usr/include/c++/13/bits/algorithmfwd.h(709): error: name followed by "::" must be a class or namespace name
      typename iterator_traits<_IIter>::difference_type
               ^

/usr/include/c++/13/bits/algorithmfwd.h(709): error: iterator_traits is not a template
      typename iterator_traits<_IIter>::difference_type
               ^

/usr/include/c++/13/bits/algorithmfwd.h(800): error: pair is not a template
      pair<_IIter1, _IIter2>
      ^

/usr/include/c++/13/bits/algorithmfwd.h(805): error: pair is not a template
      pair<_IIter1, _IIter2>
      ^

/usr/include/c++/13/bits/algorithmfwd.h(967): error: expected a declaration
  }
  ^

/usr/include/c++/13/bits/stl_heap.h(86): error: expected a declaration
   }
   ^

/usr/include/c++/13/bits/stl_heap.h(88): error: expected a declaration
      }
      ^

/usr/include/c++/13/bits/stl_heap.h(249): error: expected a declaration
      }
      ^

/usr/include/c++/13/bits/uniform_int_dist.h(129): error: identifier "_IntType" is undefined
   _IntType _M_b;
   ^

/usr/include/c++/13/bits/uniform_int_dist.h(130): error: expected a declaration
        };
        ^

/usr/include/c++/13/bits/uniform_int_dist.h(132): error: expected a declaration
      public:
      ^

/usr/include/c++/13/bits/uniform_int_dist.h(216): error: "this" may only be used inside a nonstatic member function
   { this->__generate(__f, __t, __urng, _M_param); }
     ^

/usr/include/c++/13/bits/uniform_int_dist.h(216): error: identifier "_M_param" is undefined
   { this->__generate(__f, __t, __urng, _M_param); }
                                        ^

/usr/include/c++/13/bits/uniform_int_dist.h(223): error: identifier "param_type" is undefined
       const param_type& __p)
             ^

/usr/include/c++/13/bits/uniform_int_dist.h(224): error: "this" may only be used inside a nonstatic member function
   { this->__generate_impl(__f, __t, __urng, __p); }
     ^

/usr/include/c++/13/bits/uniform_int_dist.h(228): error: "__generate" has already been declared in the current scope
   __generate(result_type* __f, result_type* __t,
   ^

/usr/include/c++/13/bits/uniform_int_dist.h(228): error: incomplete type "void" is not allowed
   __generate(result_type* __f, result_type* __t,
   ^

/usr/include/c++/13/bits/uniform_int_dist.h(228): error: identifier "result_type" is undefined
   __generate(result_type* __f, result_type* __t,
              ^

/usr/include/c++/13/bits/uniform_int_dist.h(228): error: identifier "__f" is undefined
   __generate(result_type* __f, result_type* __t,
                           ^

/usr/include/c++/13/bits/uniform_int_dist.h(228): error: identifier "__t" is undefined
   __generate(result_type* __f, result_type* __t,
                                             ^

/usr/include/c++/13/bits/uniform_int_dist.h(229): error: type name is not allowed
       _UniformRandomBitGenerator& __urng,
       ^

/usr/include/c++/13/bits/uniform_int_dist.h(229): error: identifier "__urng" is undefined
       _UniformRandomBitGenerator& __urng,
                                   ^

/usr/include/c++/13/bits/uniform_int_dist.h(230): error: expected an expression
       const param_type& __p)
       ^

/usr/include/c++/13/bits/uniform_int_dist.h(231): error: expected a ";"
   { this->__generate_impl(__f, __t, __urng, __p); }
   ^

/usr/include/c++/13/bits/uniform_int_dist.h(250): error: identifier "param_type" is undefined
        param_type _M_param;
        ^

/usr/include/c++/13/bits/uniform_int_dist.h(282): error: expected a declaration
      };
      ^

/usr/include/c++/13/bits/uniform_int_dist.h(286): error: name followed by "::" must be a class or namespace name
        typename uniform_int_distribution<_IntType>::result_type
                 ^

/usr/include/c++/13/bits/uniform_int_dist.h(287): error: name followed by "::" must be a class or namespace name
        uniform_int_distribution<_IntType>::
        ^

/usr/include/c++/13/bits/uniform_int_dist.h(286): error: uniform_int_distribution is not a template
        typename uniform_int_distribution<_IntType>::result_type
                 ^

/usr/include/c++/13/bits/uniform_int_dist.h(287): error: uniform_int_distribution is not a template
        uniform_int_distribution<_IntType>::
        ^

/usr/include/c++/13/bits/uniform_int_dist.h(289): error: identifier "param_type" is undefined
     const param_type& __param)
           ^

/usr/include/c++/13/bits/uniform_int_dist.h(380): error: name followed by "::" must be a class or namespace name
        uniform_int_distribution<_IntType>::
        ^

/usr/include/c++/13/bits/uniform_int_dist.h(380): error: uniform_int_distribution is not a template
        uniform_int_distribution<_IntType>::
        ^

/usr/include/c++/13/bits/uniform_int_dist.h(383): error: identifier "param_type" is undefined
          const param_type& __param)
                ^

/usr/include/c++/13/bits/uniform_int_dist.h(466): error: expected a declaration
  }
  ^

/usr/include/c++/13/bits/stl_tempbuf.h(183): error: expected a declaration
        ~_Temporary_buffer()
        ^

/usr/include/c++/13/bits/stl_tempbuf.h(194): error: "operator=" must be a member function
        operator=(const _Temporary_buffer&);
        ^

/usr/include/c++/13/bits/stl_tempbuf.h(194): error: identifier "_Temporary_buffer" is undefined
        operator=(const _Temporary_buffer&);
                        ^

/usr/include/c++/13/bits/stl_tempbuf.h(195): error: expected a declaration
      };
      ^

/usr/include/c++/13/bits/stl_tempbuf.h(255): error: namespace "std" has no member "__uninitialized_construct_buf_dispatch"
        std::__uninitialized_construct_buf_dispatch<
             ^

/usr/include/c++/13/bits/stl_tempbuf.h(257): error: the global scope has no "__ucr"
     __ucr(__first, __last, __seed);
     ^

/usr/include/c++/13/bits/stl_tempbuf.h(263): error: name followed by "::" must be a class or namespace name
      _Temporary_buffer<_ForwardIterator, _Tp>::
      ^

/usr/include/c++/13/bits/stl_tempbuf.h(263): error: _Temporary_buffer is not a template
      _Temporary_buffer<_ForwardIterator, _Tp>::
      ^

/usr/include/c++/13/bits/stl_tempbuf.h(264): error: identifier "size_type" is undefined
      _Temporary_buffer(_ForwardIterator __seed, size_type __original_len)
                                                 ^

/usr/include/c++/13/bits/stl_tempbuf.h(289): error: expected a declaration
  }
  ^

/usr/include/c++/13/bits/stl_algo.h(101): error: expected a declaration
        else
        ^

/usr/include/c++/13/bits/stl_algo.h(103): error: expected a declaration
      }
      ^

/usr/include/c++/13/bits/stl_algo.h(174): error: identifier "_ForwardIterator2" is undefined
     _ForwardIterator2 __p = __p1;
     ^

/usr/include/c++/13/bits/stl_algo.h(174): error: identifier "__p1" is undefined
     _ForwardIterator2 __p = __p1;
                             ^

/usr/include/c++/13/bits/stl_algo.h(175): error: identifier "__first1" is undefined
     __current = __first1;
                 ^

/usr/include/c++/13/bits/stl_algo.h(176): error: expected a declaration
     if (++__current == __last1)
     ^

/usr/include/c++/13/bits/stl_algo.h(179): error: expected a declaration
     while (__predicate(__current, __p))
     ^

/usr/include/c++/13/bits/stl_algo.h(187): error: expected a declaration
   }
   ^

/usr/include/c++/13/bits/stl_algo.h(189): error: expected a declaration
      }
      ^

/usr/include/c++/13/bits/stl_algo.h(258): error: expected a declaration
      }
      ^

/usr/include/c++/13/bits/stl_algo.h(340): error: expected a declaration
     return __result;
     ^

/usr/include/c++/13/bits/stl_algo.h(341): error: expected a declaration
   }
   ^

/usr/include/c++/13/bits/stl_algo.h(582): error: expected a declaration
         ++__first;
         ^

/usr/include/c++/13/bits/stl_algo.h(583): error: identifier "__half" is undefined
         __len = __len - __half - 1;
                         ^

/usr/include/c++/13/bits/stl_algo.h(584): error: expected a declaration
       }
       ^

/usr/include/c++/13/bits/stl_algo.h(587): error: expected a declaration
   }
   ^

/usr/include/c++/13/bits/stl_algo.h(589): error: expected a declaration
      }
      ^

/usr/include/c++/13/bits/stl_algo.h(813): error: expected a declaration
      }
      ^

/usr/include/c++/13/bits/stl_algo.h(1218): error: expected a declaration
     if (__first == __middle)
     ^

/usr/include/c++/13/bits/stl_algo.h(1220): error: expected a declaration
   }
   ^

/usr/include/c++/13/bits/stl_algo.h(1223): error: identifier "_ForwardIterator" is undefined
        _ForwardIterator __ret = __first;
        ^

/usr/include/c++/13/bits/stl_algo.h(1223): error: identifier "__first" is undefined
        _ForwardIterator __ret = __first;
                                 ^

/usr/include/c++/13/bits/stl_algo.h(1225): error: identifier "__middle" is undefined
        __first2 = __middle;
                   ^

/usr/include/c++/13/bits/stl_algo.h(1227): error: expected a declaration
        while (__first2 != __last)
        ^

/usr/include/c++/13/bits/stl_algo.h(1238): error: expected a declaration
      }
      ^

Error limit reached.
100 errors detected in the compilation of "/tmp/tmprpjp335u/source.cu".
Compilation terminated.
